生成启动时间为 2018/12/18 11:10:52。
     1>项目“D:\文件\C++\2048\2048\2048.vcxproj”在节点 2 上(build 个目标)。
     1>InitializeBuildStatus:
         正在创建“Release\2048.unsuccessfulbuild”，因为已指定“AlwaysCreate”。
       ClCompile:
         d:\软件\Visual Studio 2010\VC\bin\CL.exe /c /Zi /nologo /W3 /WX- /O2 /Oi /Oy- /GL /D WIN32 /D NDEBUG /D _CONSOLE /D _UNICODE /D UNICODE /Gm- /EHsc /MD /GS /Gy /fp:precise /Zc:wchar_t /Zc:forScope /Fo"Release\\" /Fd"Release\vc100.pdb" /Gd /TP /analyze- /errorReport:prompt 2048.cpp
         2048.cpp
     1>2048.cpp(355): warning C4996: 'getch': The POSIX name for this item is deprecated. Instead, use the ISO C++ conformant name: _getch. See online help for details.
                 d:\软件\Visual Studio 2010\VC\include\conio.h(128) : 参见“getch”的声明
     1>2048.cpp(364): warning C4996: 'getch': The POSIX name for this item is deprecated. Instead, use the ISO C++ conformant name: _getch. See online help for details.
                 d:\软件\Visual Studio 2010\VC\include\conio.h(128) : 参见“getch”的声明
       Link:
         d:\软件\Visual Studio 2010\VC\bin\link.exe /ERRORREPORT:PROMPT /OUT:"D:\文件\C++\2048\Release\2048.exe" /INCREMENTAL:NO /NOLOGO kernel32.lib user32.lib gdi32.lib winspool.lib comdlg32.lib advapi32.lib shell32.lib ole32.lib oleaut32.lib uuid.lib odbc32.lib odbccp32.lib /MANIFEST /ManifestFile:"Release\2048.exe.intermediate.manifest" /MANIFESTUAC:"level='asInvoker' uiAccess='false'" /DEBUG /PDB:"D:\文件\C++\2048\Release\2048.pdb" /SUBSYSTEM:CONSOLE /OPT:REF /OPT:ICF /LTCG /TLBID:1 /DYNAMICBASE /NXCOMPAT /IMPLIB:"D:\文件\C++\2048\Release\2048.lib" /MACHINE:X86 Release\2048.obj
         正在生成代码
         已完成代码的生成
         2048.vcxproj -> D:\文件\C++\2048\Release\2048.exe
       Manifest:
         C:\Program Files (x86)\Microsoft SDKs\Windows\v7.0A\bin\mt.exe /nologo /verbose /outputresource:"D:\文件\C++\2048\Release\2048.exe;#1" /manifest Release\2048.exe.intermediate.manifest
       FinalizeBuildStatus:
         正在删除文件“Release\2048.unsuccessfulbuild”。
         正在对“Release\2048.lastbuildstate”执行 Touch 任务。
     1>已完成生成项目“D:\文件\C++\2048\2048\2048.vcxproj”(build 个目标)的操作。

生成成功。

已用时间 00:00:02.04
